<?xml version="1.0" encoding="UTF-8"?>
<testsuite name="UserRegistrationTest" tests="1" skipped="0" failures="0" errors="0" timestamp="2022-05-25T03:17:22" hostname="DESKTOP-483DOJV" time="0.061">
  <properties/>
  <testcase name="givenFirstName_ShouldReturnTrue()" classname="UserRegistrationTest" time="0.061"/>
  <system-out><![CDATA[first name is valid
]]></system-out>
  <system-err><![CDATA[]]></system-err>
</testsuite>
