<?xml version="1.0" encoding="UTF-8"?>
<testsuite name="UserRegistrationTest" tests="1" skipped="0" failures="0" errors="0" timestamp="2022-05-27T14:14:48" hostname="DESKTOP-483DOJV" time="0.034">
  <properties/>
  <testcase name="givenPassword_improperFormat_ShouldReturnSad()" classname="UserRegistrationTest" time="0.034"/>
  <system-out><![CDATA[]]></system-out>
  <system-err><![CDATA[]]></system-err>
</testsuite>
